<?xml version='1.0' encoding='UTF-8'?>
<testsuite hostname="MRUVZ250004-806" name="otus.architect.StringStackTest" tests="10" errors="0" failures="0" skipped="0" time="0.028" timestamp="2020-04-01T23:32:58">
                     <properties>
      <property name="jline.esc.timeout" value="0"/><property name="jna.platform.library.path" value="/usr/lib:/usr/lib"/><property name="java.runtime.name" value="Java(TM) SE Runtime Environment"/><property name="sun.boot.library.path" value="/Library/Java/JavaVirtualMachines/jdk1.8.0_201.jdk/Contents/Home/jre/lib"/><property name="java.vm.version" value="25.201-b09"/><property name="gopherProxySet" value="false"/><property name="java.vm.vendor" value="Oracle Corporation"/><property name="java.vendor.url" value="http://java.oracle.com/"/><property name="path.separator" value=":"/><property name="jna.loaded" value="true"/><property name="java.vm.name" value="Java HotSpot(TM) 64-Bit Server VM"/><property name="file.encoding.pkg" value="sun.io"/><property name="user.country" value="RU"/><property name="sun.java.launcher" value="SUN_STANDARD"/><property name="sun.os.patch.level" value="unknown"/><property name="jna.nosys" value="true"/><property name="java.vm.specification.name" value="Java Virtual Machine Specification"/><property name="user.dir" value="/Users/vz250004/Projects/otusarchitect/l1"/><property name="java.runtime.version" value="1.8.0_201-b09"/><property name="java.awt.graphicsenv" value="sun.awt.CGraphicsEnvironment"/><property name="java.endorsed.dirs" value="/Library/Java/JavaVirtualMachines/jdk1.8.0_201.jdk/Contents/Home/jre/lib/endorsed"/><property name="os.arch" value="x86_64"/><property name="java.io.tmpdir" value="/var/folders/m7/j6mlg85n36zc4wb3vx4sfc4m0000gn/T/"/><property name="line.separator" value="
"/><property name="java.vm.specification.vendor" value="Oracle Corporation"/><property name="log4j.ignoreTCL" value="true"/><property name="os.name" value="Mac OS X"/><property name="sun.jnu.encoding" value="UTF-8"/><property name="jnidispatch.path" value="/var/folders/m7/j6mlg85n36zc4wb3vx4sfc4m0000gn/T/jna-1876337803/jna9074205813080981260.tmp"/><property name="java.library.path" value="/Users/vz250004/Library/Java/Extensions:/Library/Java/Extensions:/Network/Library/Java/Extensions:/System/Library/Java/Extensions:/usr/lib/java:."/><property name="java.specification.name" value="Java Platform API Specification"/><property name="java.class.version" value="52.0"/><property name="sun.management.compiler" value="HotSpot 64-Bit Tiered Compilers"/><property name="os.version" value="10.15.3"/><property name="http.nonProxyHosts" value="redmine.teraru.ru|*.redmine.teraru.ru|dcloud.ru|*.dcloud.ru|visapartners.ru|*.visapartners.ru"/><property name="swoval.tmpdir" value="/Users/vz250004/.sbt/1.0"/><property name="user.home" value="/Users/vz250004"/><property name="user.timezone" value="Europe/Moscow"/><property name="java.awt.printerjob" value="sun.lwawt.macosx.CPrinterJob"/><property name="file.encoding" value="UTF-8"/><property name="java.specification.version" value="1.8"/><property name="java.class.path" value="/usr/local/Cellar/sbt/1.3.6/libexec/bin/sbt-launch.jar"/><property name="user.name" value="vz250004"/><property name="jline.shutdownhook" value="false"/><property name="java.vm.specification.version" value="1.8"/><property name="sun.java.command" value="/usr/local/Cellar/sbt/1.3.6/libexec/bin/sbt-launch.jar test"/><property name="java.home" value="/Library/Java/JavaVirtualMachines/jdk1.8.0_201.jdk/Contents/Home/jre"/><property name="sun.arch.data.model" value="64"/><property name="user.language" value="ru"/><property name="java.specification.vendor" value="Oracle Corporation"/><property name="awt.toolkit" value="sun.lwawt.macosx.LWCToolkit"/><property name="java.vm.info" value="mixed mode"/><property name="java.version" value="1.8.0_201"/><property name="java.ext.dirs" value="/Users/vz250004/Library/Java/Extensions:/Library/Java/JavaVirtualMachines/jdk1.8.0_201.jdk/Contents/Home/jre/lib/ext:/Library/Java/Extensions:/Network/Library/Java/Extensions:/System/Library/Java/Extensions:/usr/lib/java"/><property name="sun.boot.class.path" value="/Library/Java/JavaVirtualMachines/jdk1.8.0_201.jdk/Contents/Home/jre/lib/resources.jar:/Library/Java/JavaVirtualMachines/jdk1.8.0_201.jdk/Contents/Home/jre/lib/rt.jar:/Library/Java/JavaVirtualMachines/jdk1.8.0_201.jdk/Contents/Home/jre/lib/sunrsasign.jar:/Library/Java/JavaVirtualMachines/jdk1.8.0_201.jdk/Contents/Home/jre/lib/jsse.jar:/Library/Java/JavaVirtualMachines/jdk1.8.0_201.jdk/Contents/Home/jre/lib/jce.jar:/Library/Java/JavaVirtualMachines/jdk1.8.0_201.jdk/Contents/Home/jre/lib/charsets.jar:/Library/Java/JavaVirtualMachines/jdk1.8.0_201.jdk/Contents/Home/jre/lib/jfr.jar:/Library/Java/JavaVirtualMachines/jdk1.8.0_201.jdk/Contents/Home/jre/classes"/><property name="java.vendor" value="Oracle Corporation"/><property name="file.separator" value="/"/><property name="java.vendor.url.bug" value="http://bugreport.sun.com/bugreport/"/><property name="sun.io.unicode.encoding" value="UnicodeBig"/><property name="sun.cpu.endian" value="little"/><property name="socksNonProxyHosts" value="redmine.teraru.ru|*.redmine.teraru.ru|dcloud.ru|*.dcloud.ru|visapartners.ru|*.visapartners.ru"/><property name="ftp.nonProxyHosts" value="redmine.teraru.ru|*.redmine.teraru.ru|dcloud.ru|*.dcloud.ru|visapartners.ru|*.visapartners.ru"/><property name="sun.cpu.isalist" value=""/>
    </properties>
                     <testcase classname="otus.architect.StringStackTest" name="create empty stack" time="0.023">
                                                 
                                               </testcase><testcase classname="otus.architect.StringStackTest" name="create fixed size stack, check is empty" time="0.001">
                                                 
                                               </testcase><testcase classname="otus.architect.StringStackTest" name="create fixed size stack, check size" time="0.001">
                                                 
                                               </testcase><testcase classname="otus.architect.StringStackTest" name="check push to stack" time="0.001">
                                                 
                                               </testcase><testcase classname="otus.architect.StringStackTest" name="check push to full stack" time="0.001">
                                                 
                                               </testcase><testcase classname="otus.architect.StringStackTest" name="check pop from stack" time="0.0">
                                                 
                                               </testcase><testcase classname="otus.architect.StringStackTest" name="check pop from full stack" time="0.0">
                                                 
                                               </testcase><testcase classname="otus.architect.StringStackTest" name="check peek from stack" time="0.0">
                                                 
                                               </testcase><testcase classname="otus.architect.StringStackTest" name="get elements from stack" time="0.0">
                                                 
                                               </testcase><testcase classname="otus.architect.StringStackTest" name="check push MyString and MyStringArray" time="0.001">
                                                 
                                               </testcase>
                     <system-out><![CDATA[]]></system-out>
                     <system-err><![CDATA[]]></system-err>
                   </testsuite>